<?xml version="1.0" encoding="UTF-8"?>
<coverage generated="1776789091931" clover="3.2.0">
  <project timestamp="1776789091931" name="All files">
    <metrics statements="141" coveredstatements="135" conditionals="154" coveredconditionals="141" methods="19" coveredmethods="19" elements="314" coveredelements="295" complexity="0" loc="141" ncloc="141" packages="1" files="2" classes="2"/>
    <file name="formatting.ts" path="C:\Users\ASUS\OneDrive\Desktop\project\lib\formatting.ts">
      <metrics statements="73" coveredstatements="71" conditionals="70" coveredconditionals="66" methods="13" coveredmethods="13"/>
      <line num="8" count="3" type="stmt"/>
      <line num="9" count="5" type="cond" truecount="4" falsecount="0"/>
      <line num="10" count="2" type="stmt"/>
      <line num="12" count="3" type="stmt"/>
      <line num="18" count="3" type="stmt"/>
      <line num="19" count="5" type="cond" truecount="4" falsecount="0"/>
      <line num="20" count="2" type="stmt"/>
      <line num="22" count="3" type="stmt"/>
      <line num="28" count="3" type="stmt"/>
      <line num="29" count="4" type="cond" truecount="4" falsecount="0"/>
      <line num="30" count="1" type="stmt"/>
      <line num="32" count="3" type="stmt"/>
      <line num="38" count="3" type="stmt"/>
      <line num="39" count="4" type="cond" truecount="4" falsecount="0"/>
      <line num="40" count="2" type="stmt"/>
      <line num="42" count="2" type="stmt"/>
      <line num="48" count="3" type="stmt"/>
      <line num="49" count="11" type="cond" truecount="4" falsecount="0"/>
      <line num="50" count="2" type="stmt"/>
      <line num="52" count="9" type="stmt"/>
      <line num="58" count="3" type="stmt"/>
      <line num="64" count="28" type="stmt"/>
      <line num="65" count="28" type="cond" truecount="2" falsecount="0"/>
      <line num="66" count="28" type="cond" truecount="2" falsecount="0"/>
      <line num="67" count="28" type="cond" truecount="2" falsecount="0"/>
      <line num="68" count="28" type="cond" truecount="2" falsecount="0"/>
      <line num="69" count="28" type="stmt"/>
      <line num="75" count="3" type="stmt"/>
      <line num="76" count="24" type="cond" truecount="2" falsecount="0"/>
      <line num="77" count="1" type="stmt"/>
      <line num="80" count="23" type="stmt"/>
      <line num="83" count="23" type="cond" truecount="2" falsecount="0"/>
      <line num="84" count="2" type="stmt"/>
      <line num="87" count="23" type="stmt"/>
      <line num="88" count="23" type="stmt"/>
      <line num="89" count="22" type="stmt"/>
      <line num="91" count="1" type="cond" truecount="1" falsecount="1"/>
      <line num="98" count="3" type="stmt"/>
      <line num="99" count="5" type="cond" truecount="2" falsecount="0"/>
      <line num="100" count="1" type="stmt"/>
      <line num="102" count="4" type="stmt"/>
      <line num="113" count="3" type="stmt"/>
      <line num="114" count="4" type="cond" truecount="2" falsecount="0"/>
      <line num="115" count="1" type="stmt"/>
      <line num="117" count="3" type="stmt"/>
      <line num="118" count="3" type="stmt"/>
      <line num="119" count="3" type="cond" truecount="2" falsecount="0"/>
      <line num="120" count="1" type="stmt"/>
      <line num="122" count="2" type="stmt"/>
      <line num="128" count="0" type="stmt"/>
      <line num="135" count="3" type="stmt"/>
      <line num="139" count="5" type="cond" truecount="2" falsecount="0"/>
      <line num="140" count="1" type="stmt"/>
      <line num="143" count="4" type="stmt"/>
      <line num="144" count="4" type="stmt"/>
      <line num="145" count="4" type="cond" truecount="2" falsecount="0"/>
      <line num="146" count="1" type="stmt"/>
      <line num="148" count="3" type="stmt"/>
      <line num="149" count="3" type="stmt"/>
      <line num="152" count="3" type="stmt"/>
      <line num="162" count="3" type="cond" truecount="1" falsecount="1"/>
      <line num="163" count="4" type="cond" truecount="4" falsecount="2"/>
      <line num="165" count="3" type="stmt"/>
      <line num="167" count="0" type="stmt"/>
      <line num="174" count="3" type="stmt"/>
      <line num="175" count="19" type="cond" truecount="2" falsecount="0"/>
      <line num="176" count="13" type="cond" truecount="2" falsecount="0"/>
      <line num="177" count="6" type="stmt"/>
      <line num="183" count="3" type="stmt"/>
      <line num="184" count="6" type="cond" truecount="2" falsecount="0"/>
      <line num="185" count="5" type="cond" truecount="6" falsecount="0"/>
      <line num="186" count="3" type="cond" truecount="6" falsecount="0"/>
      <line num="187" count="2" type="stmt"/>
    </file>
    <file name="validation.ts" path="C:\Users\ASUS\OneDrive\Desktop\project\lib\validation.ts">
      <metrics statements="68" coveredstatements="64" conditionals="84" coveredconditionals="75" methods="6" coveredmethods="6"/>
      <line num="28" count="1" type="stmt"/>
      <line num="29" count="14" type="cond" truecount="2" falsecount="0"/>
      <line num="30" count="4" type="stmt"/>
      <line num="32" count="10" type="cond" truecount="2" falsecount="0"/>
      <line num="33" count="1" type="stmt"/>
      <line num="35" count="9" type="cond" truecount="1" falsecount="1"/>
      <line num="36" count="0" type="stmt"/>
      <line num="38" count="9" type="cond" truecount="2" falsecount="0"/>
      <line num="39" count="1" type="stmt"/>
      <line num="41" count="8" type="stmt"/>
      <line num="47" count="1" type="stmt"/>
      <line num="48" count="7" type="cond" truecount="2" falsecount="0"/>
      <line num="49" count="2" type="stmt"/>
      <line num="51" count="5" type="cond" truecount="2" falsecount="0"/>
      <line num="52" count="1" type="stmt"/>
      <line num="54" count="4" type="cond" truecount="2" falsecount="0"/>
      <line num="55" count="1" type="stmt"/>
      <line num="57" count="3" type="cond" truecount="4" falsecount="0"/>
      <line num="58" count="1" type="stmt"/>
      <line num="60" count="2" type="stmt"/>
      <line num="66" count="1" type="stmt"/>
      <line num="67" count="13" type="cond" truecount="2" falsecount="0"/>
      <line num="68" count="2" type="stmt"/>
      <line num="71" count="11" type="cond" truecount="2" falsecount="0"/>
      <line num="72" count="7" type="cond" truecount="5" falsecount="0"/>
      <line num="73" count="3" type="stmt"/>
      <line num="77" count="8" type="cond" truecount="2" falsecount="0"/>
      <line num="78" count="6" type="cond" truecount="5" falsecount="0"/>
      <line num="79" count="2" type="stmt"/>
      <line num="83" count="6" type="cond" truecount="2" falsecount="0"/>
      <line num="84" count="4" type="cond" truecount="5" falsecount="0"/>
      <line num="85" count="2" type="stmt"/>
      <line num="89" count="4" type="cond" truecount="2" falsecount="0"/>
      <line num="90" count="2" type="cond" truecount="4" falsecount="1"/>
      <line num="91" count="0" type="stmt"/>
      <line num="95" count="4" type="cond" truecount="2" falsecount="0"/>
      <line num="96" count="2" type="cond" truecount="4" falsecount="1"/>
      <line num="97" count="0" type="stmt"/>
      <line num="101" count="4" type="stmt"/>
      <line num="107" count="1" type="stmt"/>
      <line num="108" count="11" type="cond" truecount="2" falsecount="0"/>
      <line num="109" count="2" type="stmt"/>
      <line num="111" count="9" type="cond" truecount="5" falsecount="0"/>
      <line num="112" count="4" type="stmt"/>
      <line num="114" count="5" type="stmt"/>
      <line num="120" count="1" type="stmt"/>
      <line num="121" count="9" type="cond" truecount="2" falsecount="0"/>
      <line num="122" count="3" type="stmt"/>
      <line num="124" count="6" type="cond" truecount="2" falsecount="0"/>
      <line num="125" count="1" type="stmt"/>
      <line num="127" count="5" type="cond" truecount="2" falsecount="0"/>
      <line num="128" count="1" type="stmt"/>
      <line num="130" count="4" type="stmt"/>
      <line num="136" count="1" type="stmt"/>
      <line num="140" count="4" type="stmt"/>
      <line num="142" count="4" type="stmt"/>
      <line num="143" count="4" type="cond" truecount="2" falsecount="0"/>
      <line num="144" count="2" type="cond" truecount="1" falsecount="1"/>
      <line num="147" count="4" type="stmt"/>
      <line num="148" count="4" type="cond" truecount="2" falsecount="0"/>
      <line num="149" count="1" type="cond" truecount="1" falsecount="1"/>
      <line num="152" count="4" type="stmt"/>
      <line num="153" count="4" type="cond" truecount="2" falsecount="0"/>
      <line num="154" count="1" type="cond" truecount="1" falsecount="1"/>
      <line num="157" count="4" type="stmt"/>
      <line num="158" count="4" type="cond" truecount="1" falsecount="1"/>
      <line num="159" count="0" type="cond" truecount="0" falsecount="2"/>
      <line num="162" count="4" type="stmt"/>
    </file>
  </project>
</coverage>
