{"C:\\Users\\ASUS\\OneDrive\\Desktop\\project\\lib\\formatting.ts": {"path":"C:\\Users\\ASUS\\OneDrive\\Desktop\\project\\lib\\formatting.ts","statementMap":{"0":{"start":{"line":8,"column":0},"end":{"line":8,"column":16}},"1":{"start":{"line":18,"column":0},"end":{"line":18,"column":16}},"2":{"start":{"line":28,"column":0},"end":{"line":28,"column":16}},"3":{"start":{"line":38,"column":0},"end":{"line":38,"column":16}},"4":{"start":{"line":48,"column":0},"end":{"line":48,"column":16}},"5":{"start":{"line":58,"column":0},"end":{"line":58,"column":16}},"6":{"start":{"line":75,"column":0},"end":{"line":75,"column":16}},"7":{"start":{"line":98,"column":0},"end":{"line":98,"column":16}},"8":{"start":{"line":113,"column":0},"end":{"line":113,"column":16}},"9":{"start":{"line":135,"column":0},"end":{"line":135,"column":16}},"10":{"start":{"line":174,"column":0},"end":{"line":174,"column":16}},"11":{"start":{"line":183,"column":0},"end":{"line":183,"column":16}},"12":{"start":{"line":9,"column":2},"end":{"line":11,"column":3}},"13":{"start":{"line":10,"column":4},"end":{"line":10,"column":null}},"14":{"start":{"line":12,"column":2},"end":{"line":12,"column":null}},"15":{"start":{"line":19,"column":2},"end":{"line":21,"column":3}},"16":{"start":{"line":20,"column":4},"end":{"line":20,"column":null}},"17":{"start":{"line":22,"column":2},"end":{"line":22,"column":null}},"18":{"start":{"line":29,"column":2},"end":{"line":31,"column":3}},"19":{"start":{"line":30,"column":4},"end":{"line":30,"column":null}},"20":{"start":{"line":32,"column":2},"end":{"line":32,"column":null}},"21":{"start":{"line":39,"column":2},"end":{"line":41,"column":3}},"22":{"start":{"line":40,"column":4},"end":{"line":40,"column":null}},"23":{"start":{"line":42,"column":2},"end":{"line":42,"column":null}},"24":{"start":{"line":49,"column":2},"end":{"line":51,"column":3}},"25":{"start":{"line":50,"column":4},"end":{"line":50,"column":null}},"26":{"start":{"line":52,"column":2},"end":{"line":52,"column":null}},"27":{"start":{"line":64,"column":14},"end":{"line":64,"column":16}},"28":{"start":{"line":65,"column":2},"end":{"line":65,"column":null}},"29":{"start":{"line":65,"column":19},"end":{"line":65,"column":null}},"30":{"start":{"line":66,"column":2},"end":{"line":66,"column":null}},"31":{"start":{"line":66,"column":22},"end":{"line":66,"column":null}},"32":{"start":{"line":67,"column":2},"end":{"line":67,"column":null}},"33":{"start":{"line":67,"column":14},"end":{"line":67,"column":null}},"34":{"start":{"line":68,"column":2},"end":{"line":68,"column":null}},"35":{"start":{"line":68,"column":21},"end":{"line":68,"column":null}},"36":{"start":{"line":69,"column":2},"end":{"line":69,"column":null}},"37":{"start":{"line":76,"column":2},"end":{"line":78,"column":3}},"38":{"start":{"line":77,"column":4},"end":{"line":77,"column":null}},"39":{"start":{"line":80,"column":16},"end":{"line":80,"column":27}},"40":{"start":{"line":83,"column":2},"end":{"line":85,"column":3}},"41":{"start":{"line":84,"column":4},"end":{"line":84,"column":null}},"42":{"start":{"line":87,"column":2},"end":{"line":92,"column":3}},"43":{"start":{"line":88,"column":17},"end":{"line":88,"column":36}},"44":{"start":{"line":89,"column":4},"end":{"line":89,"column":null}},"45":{"start":{"line":91,"column":4},"end":{"line":91,"column":null}},"46":{"start":{"line":99,"column":2},"end":{"line":101,"column":3}},"47":{"start":{"line":100,"column":4},"end":{"line":100,"column":null}},"48":{"start":{"line":102,"column":2},"end":{"line":107,"column":null}},"49":{"start":{"line":114,"column":2},"end":{"line":116,"column":3}},"50":{"start":{"line":115,"column":4},"end":{"line":115,"column":null}},"51":{"start":{"line":117,"column":2},"end":{"line":129,"column":3}},"52":{"start":{"line":118,"column":17},"end":{"line":118,"column":37}},"53":{"start":{"line":119,"column":4},"end":{"line":121,"column":5}},"54":{"start":{"line":120,"column":6},"end":{"line":120,"column":null}},"55":{"start":{"line":122,"column":4},"end":{"line":126,"column":null}},"56":{"start":{"line":128,"column":4},"end":{"line":128,"column":null}},"57":{"start":{"line":139,"column":2},"end":{"line":141,"column":3}},"58":{"start":{"line":140,"column":4},"end":{"line":140,"column":null}},"59":{"start":{"line":143,"column":2},"end":{"line":168,"column":3}},"60":{"start":{"line":144,"column":17},"end":{"line":144,"column":37}},"61":{"start":{"line":145,"column":4},"end":{"line":147,"column":5}},"62":{"start":{"line":146,"column":6},"end":{"line":146,"column":null}},"63":{"start":{"line":148,"column":18},"end":{"line":148,"column":28}},"64":{"start":{"line":149,"column":28},"end":{"line":149,"column":98}},"65":{"start":{"line":152,"column":50},"end":{"line":160,"column":null}},"66":{"start":{"line":162,"column":22},"end":{"line":162,"column":52}},"67":{"start":{"line":163,"column":26},"end":{"line":163,"column":108}},"68":{"start":{"line":163,"column":72},"end":{"line":163,"column":95}},"69":{"start":{"line":165,"column":4},"end":{"line":165,"column":null}},"70":{"start":{"line":167,"column":4},"end":{"line":167,"column":null}},"71":{"start":{"line":175,"column":2},"end":{"line":175,"column":null}},"72":{"start":{"line":175,"column":24},"end":{"line":175,"column":null}},"73":{"start":{"line":176,"column":2},"end":{"line":176,"column":null}},"74":{"start":{"line":176,"column":24},"end":{"line":176,"column":null}},"75":{"start":{"line":177,"column":2},"end":{"line":177,"column":null}},"76":{"start":{"line":184,"column":2},"end":{"line":184,"column":null}},"77":{"start":{"line":184,"column":33},"end":{"line":184,"column":null}},"78":{"start":{"line":185,"column":2},"end":{"line":185,"column":null}},"79":{"start":{"line":185,"column":22},"end":{"line":185,"column":null}},"80":{"start":{"line":186,"column":2},"end":{"line":186,"column":null}},"81":{"start":{"line":186,"column":20},"end":{"line":186,"column":null}},"82":{"start":{"line":187,"column":2},"end":{"line":187,"column":null}}},"fnMap":{"0":{"name":"formatYield","decl":{"start":{"line":8,"column":16},"end":{"line":8,"column":27}},"loc":{"start":{"line":8,"column":41},"end":{"line":13,"column":1}}},"1":{"name":"formatTemperature","decl":{"start":{"line":18,"column":16},"end":{"line":18,"column":33}},"loc":{"start":{"line":18,"column":47},"end":{"line":23,"column":1}}},"2":{"name":"formatMoisture","decl":{"start":{"line":28,"column":16},"end":{"line":28,"column":30}},"loc":{"start":{"line":28,"column":44},"end":{"line":33,"column":1}}},"3":{"name":"formatNPK","decl":{"start":{"line":38,"column":16},"end":{"line":38,"column":25}},"loc":{"start":{"line":38,"column":39},"end":{"line":43,"column":1}}},"4":{"name":"calculateAverageYield","decl":{"start":{"line":48,"column":16},"end":{"line":48,"column":37}},"loc":{"start":{"line":48,"column":62},"end":{"line":53,"column":1}}},"5":{"name":"calculateConfidenceScore","decl":{"start":{"line":58,"column":16},"end":{"line":58,"column":40}},"loc":{"start":{"line":62,"column":24},"end":{"line":70,"column":1}}},"6":{"name":"parseJSONResponse","decl":{"start":{"line":75,"column":16},"end":{"line":75,"column":33}},"loc":{"start":{"line":75,"column":46},"end":{"line":93,"column":1}}},"7":{"name":"sanitizeText","decl":{"start":{"line":98,"column":16},"end":{"line":98,"column":28}},"loc":{"start":{"line":98,"column":41},"end":{"line":108,"column":1}}},"8":{"name":"formatDate","decl":{"start":{"line":113,"column":16},"end":{"line":113,"column":26}},"loc":{"start":{"line":113,"column":57},"end":{"line":130,"column":1}}},"9":{"name":"calculateDaysToHarvest","decl":{"start":{"line":135,"column":16},"end":{"line":135,"column":38}},"loc":{"start":{"line":137,"column":30},"end":{"line":169,"column":1}}},"10":{"name":"(anonymous_10)","decl":{"start":{"line":163,"column":61},"end":{"line":163,"column":62}},"loc":{"start":{"line":163,"column":72},"end":{"line":163,"column":95}}},"11":{"name":"getConfidenceLevel","decl":{"start":{"line":174,"column":16},"end":{"line":174,"column":34}},"loc":{"start":{"line":174,"column":53},"end":{"line":178,"column":1}}},"12":{"name":"extractErrorMessage","decl":{"start":{"line":183,"column":16},"end":{"line":183,"column":35}},"loc":{"start":{"line":183,"column":46},"end":{"line":188,"column":1}}}},"branchMap":{"0":{"loc":{"start":{"line":9,"column":2},"end":{"line":11,"column":3}},"type":"if","locations":[{"start":{"line":9,"column":2},"end":{"line":11,"column":3}},{"start":{},"end":{}}]},"1":{"loc":{"start":{"line":9,"column":6},"end":{"line":9,"column":51}},"type":"binary-expr","locations":[{"start":{"line":9,"column":6},"end":{"line":9,"column":31}},{"start":{"line":9,"column":35},"end":{"line":9,"column":51}}]},"2":{"loc":{"start":{"line":19,"column":2},"end":{"line":21,"column":3}},"type":"if","locations":[{"start":{"line":19,"column":2},"end":{"line":21,"column":3}},{"start":{},"end":{}}]},"3":{"loc":{"start":{"line":19,"column":6},"end":{"line":19,"column":51}},"type":"binary-expr","locations":[{"start":{"line":19,"column":6},"end":{"line":19,"column":31}},{"start":{"line":19,"column":35},"end":{"line":19,"column":51}}]},"4":{"loc":{"start":{"line":29,"column":2},"end":{"line":31,"column":3}},"type":"if","locations":[{"start":{"line":29,"column":2},"end":{"line":31,"column":3}},{"start":{},"end":{}}]},"5":{"loc":{"start":{"line":29,"column":6},"end":{"line":29,"column":51}},"type":"binary-expr","locations":[{"start":{"line":29,"column":6},"end":{"line":29,"column":31}},{"start":{"line":29,"column":35},"end":{"line":29,"column":51}}]},"6":{"loc":{"start":{"line":39,"column":2},"end":{"line":41,"column":3}},"type":"if","locations":[{"start":{"line":39,"column":2},"end":{"line":41,"column":3}},{"start":{},"end":{}}]},"7":{"loc":{"start":{"line":39,"column":6},"end":{"line":39,"column":51}},"type":"binary-expr","locations":[{"start":{"line":39,"column":6},"end":{"line":39,"column":31}},{"start":{"line":39,"column":35},"end":{"line":39,"column":51}}]},"8":{"loc":{"start":{"line":49,"column":2},"end":{"line":51,"column":3}},"type":"if","locations":[{"start":{"line":49,"column":2},"end":{"line":51,"column":3}},{"start":{},"end":{}}]},"9":{"loc":{"start":{"line":49,"column":6},"end":{"line":49,"column":38}},"type":"binary-expr","locations":[{"start":{"line":49,"column":6},"end":{"line":49,"column":20}},{"start":{"line":49,"column":24},"end":{"line":49,"column":38}}]},"10":{"loc":{"start":{"line":65,"column":2},"end":{"line":65,"column":null}},"type":"if","locations":[{"start":{"line":65,"column":2},"end":{"line":65,"column":null}},{"start":{},"end":{}}]},"11":{"loc":{"start":{"line":66,"column":2},"end":{"line":66,"column":null}},"type":"if","locations":[{"start":{"line":66,"column":2},"end":{"line":66,"column":null}},{"start":{},"end":{}}]},"12":{"loc":{"start":{"line":67,"column":2},"end":{"line":67,"column":null}},"type":"if","locations":[{"start":{"line":67,"column":2},"end":{"line":67,"column":null}},{"start":{},"end":{}}]},"13":{"loc":{"start":{"line":68,"column":2},"end":{"line":68,"column":null}},"type":"if","locations":[{"start":{"line":68,"column":2},"end":{"line":68,"column":null}},{"start":{},"end":{}}]},"14":{"loc":{"start":{"line":76,"column":2},"end":{"line":78,"column":3}},"type":"if","locations":[{"start":{"line":76,"column":2},"end":{"line":78,"column":3}},{"start":{},"end":{}}]},"15":{"loc":{"start":{"line":83,"column":2},"end":{"line":85,"column":3}},"type":"if","locations":[{"start":{"line":83,"column":2},"end":{"line":85,"column":3}},{"start":{},"end":{}}]},"16":{"loc":{"start":{"line":91,"column":53},"end":{"line":91,"column":105}},"type":"cond-expr","locations":[{"start":{"line":91,"column":76},"end":{"line":91,"column":87}},{"start":{"line":91,"column":90},"end":{"line":91,"column":105}}]},"17":{"loc":{"start":{"line":99,"column":2},"end":{"line":101,"column":3}},"type":"if","locations":[{"start":{"line":99,"column":2},"end":{"line":101,"column":3}},{"start":{},"end":{}}]},"18":{"loc":{"start":{"line":114,"column":2},"end":{"line":116,"column":3}},"type":"if","locations":[{"start":{"line":114,"column":2},"end":{"line":116,"column":3}},{"start":{},"end":{}}]},"19":{"loc":{"start":{"line":119,"column":4},"end":{"line":121,"column":5}},"type":"if","locations":[{"start":{"line":119,"column":4},"end":{"line":121,"column":5}},{"start":{},"end":{}}]},"20":{"loc":{"start":{"line":139,"column":2},"end":{"line":141,"column":3}},"type":"if","locations":[{"start":{"line":139,"column":2},"end":{"line":141,"column":3}},{"start":{},"end":{}}]},"21":{"loc":{"start":{"line":145,"column":4},"end":{"line":147,"column":5}},"type":"if","locations":[{"start":{"line":145,"column":4},"end":{"line":147,"column":5}},{"start":{},"end":{}}]},"22":{"loc":{"start":{"line":162,"column":23},"end":{"line":162,"column":37}},"type":"binary-expr","locations":[{"start":{"line":162,"column":23},"end":{"line":162,"column":31}},{"start":{"line":162,"column":35},"end":{"line":162,"column":37}}]},"23":{"loc":{"start":{"line":163,"column":26},"end":{"line":163,"column":108}},"type":"binary-expr","locations":[{"start":{"line":163,"column":26},"end":{"line":163,"column":101}},{"start":{"line":163,"column":105},"end":{"line":163,"column":108}}]},"24":{"loc":{"start":{"line":163,"column":26},"end":{"line":163,"column":101}},"type":"cond-expr","locations":[{"start":{"line":163,"column":96},"end":{"line":163,"column":99}},{"start":{"line":163,"column":96},"end":{"line":163,"column":101}}]},"25":{"loc":{"start":{"line":163,"column":26},"end":{"line":163,"column":99}},"type":"binary-expr","locations":[{"start":{"line":163,"column":26},"end":{"line":163,"column":99}},{"start":{"line":163,"column":96},"end":{"line":163,"column":99}}]},"26":{"loc":{"start":{"line":175,"column":2},"end":{"line":175,"column":null}},"type":"if","locations":[{"start":{"line":175,"column":2},"end":{"line":175,"column":null}},{"start":{},"end":{}}]},"27":{"loc":{"start":{"line":176,"column":2},"end":{"line":176,"column":null}},"type":"if","locations":[{"start":{"line":176,"column":2},"end":{"line":176,"column":null}},{"start":{},"end":{}}]},"28":{"loc":{"start":{"line":184,"column":2},"end":{"line":184,"column":null}},"type":"if","locations":[{"start":{"line":184,"column":2},"end":{"line":184,"column":null}},{"start":{},"end":{}}]},"29":{"loc":{"start":{"line":185,"column":2},"end":{"line":185,"column":null}},"type":"if","locations":[{"start":{"line":185,"column":2},"end":{"line":185,"column":null}},{"start":{},"end":{}}]},"30":{"loc":{"start":{"line":185,"column":6},"end":{"line":185,"column":20}},"type":"cond-expr","locations":[{"start":{"line":185,"column":11},"end":{"line":185,"column":13}},{"start":{"line":185,"column":6},"end":{"line":185,"column":20}}]},"31":{"loc":{"start":{"line":185,"column":6},"end":{"line":185,"column":13}},"type":"binary-expr","locations":[{"start":{"line":185,"column":6},"end":{"line":185,"column":13}},{"start":{"line":185,"column":6},"end":{"line":185,"column":13}}]},"32":{"loc":{"start":{"line":186,"column":2},"end":{"line":186,"column":null}},"type":"if","locations":[{"start":{"line":186,"column":2},"end":{"line":186,"column":null}},{"start":{},"end":{}}]},"33":{"loc":{"start":{"line":186,"column":6},"end":{"line":186,"column":18}},"type":"cond-expr","locations":[{"start":{"line":186,"column":11},"end":{"line":186,"column":13}},{"start":{"line":186,"column":6},"end":{"line":186,"column":18}}]},"34":{"loc":{"start":{"line":186,"column":6},"end":{"line":186,"column":13}},"type":"binary-expr","locations":[{"start":{"line":186,"column":6},"end":{"line":186,"column":13}},{"start":{"line":186,"column":6},"end":{"line":186,"column":13}}]}},"s":{"0":3,"1":3,"2":3,"3":3,"4":3,"5":3,"6":3,"7":3,"8":3,"9":3,"10":3,"11":3,"12":5,"13":2,"14":3,"15":5,"16":2,"17":3,"18":4,"19":1,"20":3,"21":4,"22":2,"23":2,"24":11,"25":2,"26":9,"27":28,"28":28,"29":11,"30":28,"31":11,"32":28,"33":8,"34":28,"35":7,"36":28,"37":24,"38":1,"39":23,"40":23,"41":2,"42":23,"43":23,"44":22,"45":1,"46":5,"47":1,"48":4,"49":4,"50":1,"51":3,"52":3,"53":3,"54":1,"55":2,"56":0,"57":5,"58":1,"59":4,"60":4,"61":4,"62":1,"63":3,"64":3,"65":3,"66":3,"67":3,"68":4,"69":3,"70":0,"71":19,"72":6,"73":13,"74":7,"75":6,"76":6,"77":1,"78":5,"79":2,"80":3,"81":1,"82":2},"f":{"0":5,"1":5,"2":4,"3":4,"4":11,"5":28,"6":24,"7":5,"8":4,"9":5,"10":4,"11":19,"12":6},"b":{"0":[2,3],"1":[5,5],"2":[2,3],"3":[5,5],"4":[1,3],"5":[4,4],"6":[2,2],"7":[4,4],"8":[2,9],"9":[11,10],"10":[11,17],"11":[11,17],"12":[8,20],"13":[7,21],"14":[1,23],"15":[2,21],"16":[1,0],"17":[1,4],"18":[1,3],"19":[1,2],"20":[1,4],"21":[1,3],"22":[3,0],"23":[3,0],"24":[0,3],"25":[3,3],"26":[6,13],"27":[7,6],"28":[1,5],"29":[2,3],"30":[1,4],"31":[5,4],"32":[1,2],"33":[1,2],"34":[3,2]}}
,"C:\\Users\\ASUS\\OneDrive\\Desktop\\project\\lib\\validation.ts": {"path":"C:\\Users\\ASUS\\OneDrive\\Desktop\\project\\lib\\validation.ts","statementMap":{"0":{"start":{"line":28,"column":0},"end":{"line":28,"column":16}},"1":{"start":{"line":47,"column":0},"end":{"line":47,"column":16}},"2":{"start":{"line":66,"column":0},"end":{"line":66,"column":16}},"3":{"start":{"line":107,"column":0},"end":{"line":107,"column":16}},"4":{"start":{"line":120,"column":0},"end":{"line":120,"column":16}},"5":{"start":{"line":136,"column":0},"end":{"line":136,"column":16}},"6":{"start":{"line":29,"column":2},"end":{"line":31,"column":3}},"7":{"start":{"line":30,"column":4},"end":{"line":30,"column":null}},"8":{"start":{"line":32,"column":2},"end":{"line":34,"column":3}},"9":{"start":{"line":33,"column":4},"end":{"line":33,"column":null}},"10":{"start":{"line":35,"column":2},"end":{"line":37,"column":3}},"11":{"start":{"line":36,"column":4},"end":{"line":36,"column":null}},"12":{"start":{"line":38,"column":2},"end":{"line":40,"column":3}},"13":{"start":{"line":39,"column":4},"end":{"line":39,"column":null}},"14":{"start":{"line":41,"column":2},"end":{"line":41,"column":null}},"15":{"start":{"line":48,"column":2},"end":{"line":50,"column":3}},"16":{"start":{"line":49,"column":4},"end":{"line":49,"column":null}},"17":{"start":{"line":51,"column":2},"end":{"line":53,"column":3}},"18":{"start":{"line":52,"column":4},"end":{"line":52,"column":null}},"19":{"start":{"line":54,"column":2},"end":{"line":56,"column":3}},"20":{"start":{"line":55,"column":4},"end":{"line":55,"column":null}},"21":{"start":{"line":57,"column":2},"end":{"line":59,"column":3}},"22":{"start":{"line":58,"column":4},"end":{"line":58,"column":null}},"23":{"start":{"line":60,"column":2},"end":{"line":60,"column":null}},"24":{"start":{"line":67,"column":2},"end":{"line":69,"column":3}},"25":{"start":{"line":68,"column":4},"end":{"line":68,"column":27}},"26":{"start":{"line":71,"column":2},"end":{"line":75,"column":3}},"27":{"start":{"line":72,"column":4},"end":{"line":74,"column":5}},"28":{"start":{"line":73,"column":6},"end":{"line":73,"column":null}},"29":{"start":{"line":77,"column":2},"end":{"line":81,"column":3}},"30":{"start":{"line":78,"column":4},"end":{"line":80,"column":5}},"31":{"start":{"line":79,"column":6},"end":{"line":79,"column":null}},"32":{"start":{"line":83,"column":2},"end":{"line":87,"column":3}},"33":{"start":{"line":84,"column":4},"end":{"line":86,"column":5}},"34":{"start":{"line":85,"column":6},"end":{"line":85,"column":null}},"35":{"start":{"line":89,"column":2},"end":{"line":93,"column":3}},"36":{"start":{"line":90,"column":4},"end":{"line":92,"column":5}},"37":{"start":{"line":91,"column":6},"end":{"line":91,"column":null}},"38":{"start":{"line":95,"column":2},"end":{"line":99,"column":3}},"39":{"start":{"line":96,"column":4},"end":{"line":98,"column":5}},"40":{"start":{"line":97,"column":6},"end":{"line":97,"column":null}},"41":{"start":{"line":101,"column":2},"end":{"line":101,"column":null}},"42":{"start":{"line":108,"column":2},"end":{"line":110,"column":3}},"43":{"start":{"line":109,"column":4},"end":{"line":109,"column":27}},"44":{"start":{"line":111,"column":2},"end":{"line":113,"column":3}},"45":{"start":{"line":112,"column":4},"end":{"line":112,"column":null}},"46":{"start":{"line":114,"column":2},"end":{"line":114,"column":null}},"47":{"start":{"line":121,"column":2},"end":{"line":123,"column":3}},"48":{"start":{"line":122,"column":4},"end":{"line":122,"column":27}},"49":{"start":{"line":124,"column":2},"end":{"line":126,"column":3}},"50":{"start":{"line":125,"column":4},"end":{"line":125,"column":null}},"51":{"start":{"line":127,"column":2},"end":{"line":129,"column":3}},"52":{"start":{"line":128,"column":4},"end":{"line":128,"column":null}},"53":{"start":{"line":130,"column":2},"end":{"line":130,"column":null}},"54":{"start":{"line":140,"column":41},"end":{"line":140,"column":43}},"55":{"start":{"line":142,"column":29},"end":{"line":142,"column":62}},"56":{"start":{"line":143,"column":2},"end":{"line":145,"column":3}},"57":{"start":{"line":144,"column":4},"end":{"line":144,"column":null}},"58":{"start":{"line":147,"column":27},"end":{"line":147,"column":59}},"59":{"start":{"line":148,"column":2},"end":{"line":150,"column":3}},"60":{"start":{"line":149,"column":4},"end":{"line":149,"column":null}},"61":{"start":{"line":152,"column":30},"end":{"line":152,"column":65}},"62":{"start":{"line":153,"column":2},"end":{"line":155,"column":3}},"63":{"start":{"line":154,"column":4},"end":{"line":154,"column":null}},"64":{"start":{"line":157,"column":29},"end":{"line":157,"column":61}},"65":{"start":{"line":158,"column":2},"end":{"line":160,"column":3}},"66":{"start":{"line":159,"column":4},"end":{"line":159,"column":null}},"67":{"start":{"line":162,"column":2},"end":{"line":165,"column":null}}},"fnMap":{"0":{"name":"validateCropName","decl":{"start":{"line":28,"column":16},"end":{"line":28,"column":32}},"loc":{"start":{"line":28,"column":57},"end":{"line":42,"column":1}}},"1":{"name":"validateBase64Image","decl":{"start":{"line":47,"column":16},"end":{"line":47,"column":35}},"loc":{"start":{"line":47,"column":61},"end":{"line":61,"column":1}}},"2":{"name":"validateSensorData","decl":{"start":{"line":66,"column":16},"end":{"line":66,"column":34}},"loc":{"start":{"line":66,"column":65},"end":{"line":102,"column":1}}},"3":{"name":"validateFieldSize","decl":{"start":{"line":107,"column":16},"end":{"line":107,"column":33}},"loc":{"start":{"line":107,"column":58},"end":{"line":115,"column":1}}},"4":{"name":"validateLocation","decl":{"start":{"line":120,"column":16},"end":{"line":120,"column":32}},"loc":{"start":{"line":120,"column":61},"end":{"line":131,"column":1}}},"5":{"name":"validateYieldPredictionInput","decl":{"start":{"line":136,"column":16},"end":{"line":136,"column":44}},"loc":{"start":{"line":136,"column":72},"end":{"line":166,"column":1}}}},"branchMap":{"0":{"loc":{"start":{"line":29,"column":2},"end":{"line":31,"column":3}},"type":"if","locations":[{"start":{"line":29,"column":2},"end":{"line":31,"column":3}},{"start":{},"end":{}}]},"1":{"loc":{"start":{"line":32,"column":2},"end":{"line":34,"column":3}},"type":"if","locations":[{"start":{"line":32,"column":2},"end":{"line":34,"column":3}},{"start":{},"end":{}}]},"2":{"loc":{"start":{"line":35,"column":2},"end":{"line":37,"column":3}},"type":"if","locations":[{"start":{"line":35,"column":2},"end":{"line":37,"column":3}},{"start":{},"end":{}}]},"3":{"loc":{"start":{"line":38,"column":2},"end":{"line":40,"column":3}},"type":"if","locations":[{"start":{"line":38,"column":2},"end":{"line":40,"column":3}},{"start":{},"end":{}}]},"4":{"loc":{"start":{"line":48,"column":2},"end":{"line":50,"column":3}},"type":"if","locations":[{"start":{"line":48,"column":2},"end":{"line":50,"column":3}},{"start":{},"end":{}}]},"5":{"loc":{"start":{"line":51,"column":2},"end":{"line":53,"column":3}},"type":"if","locations":[{"start":{"line":51,"column":2},"end":{"line":53,"column":3}},{"start":{},"end":{}}]},"6":{"loc":{"start":{"line":54,"column":2},"end":{"line":56,"column":3}},"type":"if","locations":[{"start":{"line":54,"column":2},"end":{"line":56,"column":3}},{"start":{},"end":{}}]},"7":{"loc":{"start":{"line":57,"column":2},"end":{"line":59,"column":3}},"type":"if","locations":[{"start":{"line":57,"column":2},"end":{"line":59,"column":3}},{"start":{},"end":{}}]},"8":{"loc":{"start":{"line":57,"column":6},"end":{"line":57,"column":97}},"type":"binary-expr","locations":[{"start":{"line":57,"column":6},"end":{"line":57,"column":61}},{"start":{"line":57,"column":65},"end":{"line":57,"column":97}}]},"9":{"loc":{"start":{"line":67,"column":2},"end":{"line":69,"column":3}},"type":"if","locations":[{"start":{"line":67,"column":2},"end":{"line":69,"column":3}},{"start":{},"end":{}}]},"10":{"loc":{"start":{"line":71,"column":2},"end":{"line":75,"column":3}},"type":"if","locations":[{"start":{"line":71,"column":2},"end":{"line":75,"column":3}},{"start":{},"end":{}}]},"11":{"loc":{"start":{"line":72,"column":4},"end":{"line":74,"column":5}},"type":"if","locations":[{"start":{"line":72,"column":4},"end":{"line":74,"column":5}},{"start":{},"end":{}}]},"12":{"loc":{"start":{"line":72,"column":8},"end":{"line":72,"column":91}},"type":"binary-expr","locations":[{"start":{"line":72,"column":8},"end":{"line":72,"column":43}},{"start":{"line":72,"column":47},"end":{"line":72,"column":66}},{"start":{"line":72,"column":70},"end":{"line":72,"column":91}}]},"13":{"loc":{"start":{"line":77,"column":2},"end":{"line":81,"column":3}},"type":"if","locations":[{"start":{"line":77,"column":2},"end":{"line":81,"column":3}},{"start":{},"end":{}}]},"14":{"loc":{"start":{"line":78,"column":4},"end":{"line":80,"column":5}},"type":"if","locations":[{"start":{"line":78,"column":4},"end":{"line":80,"column":5}},{"start":{},"end":{}}]},"15":{"loc":{"start":{"line":78,"column":8},"end":{"line":78,"column":101}},"type":"binary-expr","locations":[{"start":{"line":78,"column":8},"end":{"line":78,"column":46}},{"start":{"line":78,"column":50},"end":{"line":78,"column":74}},{"start":{"line":78,"column":78},"end":{"line":78,"column":101}}]},"16":{"loc":{"start":{"line":83,"column":2},"end":{"line":87,"column":3}},"type":"if","locations":[{"start":{"line":83,"column":2},"end":{"line":87,"column":3}},{"start":{},"end":{}}]},"17":{"loc":{"start":{"line":84,"column":4},"end":{"line":86,"column":5}},"type":"if","locations":[{"start":{"line":84,"column":4},"end":{"line":86,"column":5}},{"start":{},"end":{}}]},"18":{"loc":{"start":{"line":84,"column":8},"end":{"line":84,"column":91}},"type":"binary-expr","locations":[{"start":{"line":84,"column":8},"end":{"line":84,"column":43}},{"start":{"line":84,"column":47},"end":{"line":84,"column":66}},{"start":{"line":84,"column":70},"end":{"line":84,"column":91}}]},"19":{"loc":{"start":{"line":89,"column":2},"end":{"line":93,"column":3}},"type":"if","locations":[{"start":{"line":89,"column":2},"end":{"line":93,"column":3}},{"start":{},"end":{}}]},"20":{"loc":{"start":{"line":90,"column":4},"end":{"line":92,"column":5}},"type":"if","locations":[{"start":{"line":90,"column":4},"end":{"line":92,"column":5}},{"start":{},"end":{}}]},"21":{"loc":{"start":{"line":90,"column":8},"end":{"line":90,"column":97}},"type":"binary-expr","locations":[{"start":{"line":90,"column":8},"end":{"line":90,"column":45}},{"start":{"line":90,"column":49},"end":{"line":90,"column":70}},{"start":{"line":90,"column":74},"end":{"line":90,"column":97}}]},"22":{"loc":{"start":{"line":95,"column":2},"end":{"line":99,"column":3}},"type":"if","locations":[{"start":{"line":95,"column":2},"end":{"line":99,"column":3}},{"start":{},"end":{}}]},"23":{"loc":{"start":{"line":96,"column":4},"end":{"line":98,"column":5}},"type":"if","locations":[{"start":{"line":96,"column":4},"end":{"line":98,"column":5}},{"start":{},"end":{}}]},"24":{"loc":{"start":{"line":96,"column":8},"end":{"line":96,"column":94}},"type":"binary-expr","locations":[{"start":{"line":96,"column":8},"end":{"line":96,"column":44}},{"start":{"line":96,"column":48},"end":{"line":96,"column":68}},{"start":{"line":96,"column":72},"end":{"line":96,"column":94}}]},"25":{"loc":{"start":{"line":108,"column":2},"end":{"line":110,"column":3}},"type":"if","locations":[{"start":{"line":108,"column":2},"end":{"line":110,"column":3}},{"start":{},"end":{}}]},"26":{"loc":{"start":{"line":111,"column":2},"end":{"line":113,"column":3}},"type":"if","locations":[{"start":{"line":111,"column":2},"end":{"line":113,"column":3}},{"start":{},"end":{}}]},"27":{"loc":{"start":{"line":111,"column":6},"end":{"line":111,"column":59}},"type":"binary-expr","locations":[{"start":{"line":111,"column":6},"end":{"line":111,"column":30}},{"start":{"line":111,"column":34},"end":{"line":111,"column":43}},{"start":{"line":111,"column":47},"end":{"line":111,"column":59}}]},"28":{"loc":{"start":{"line":121,"column":2},"end":{"line":123,"column":3}},"type":"if","locations":[{"start":{"line":121,"column":2},"end":{"line":123,"column":3}},{"start":{},"end":{}}]},"29":{"loc":{"start":{"line":124,"column":2},"end":{"line":126,"column":3}},"type":"if","locations":[{"start":{"line":124,"column":2},"end":{"line":126,"column":3}},{"start":{},"end":{}}]},"30":{"loc":{"start":{"line":127,"column":2},"end":{"line":129,"column":3}},"type":"if","locations":[{"start":{"line":127,"column":2},"end":{"line":129,"column":3}},{"start":{},"end":{}}]},"31":{"loc":{"start":{"line":143,"column":2},"end":{"line":145,"column":3}},"type":"if","locations":[{"start":{"line":143,"column":2},"end":{"line":145,"column":3}},{"start":{},"end":{}}]},"32":{"loc":{"start":{"line":144,"column":23},"end":{"line":144,"column":70}},"type":"binary-expr","locations":[{"start":{"line":144,"column":23},"end":{"line":144,"column":47}},{"start":{"line":144,"column":51},"end":{"line":144,"column":70}}]},"33":{"loc":{"start":{"line":148,"column":2},"end":{"line":150,"column":3}},"type":"if","locations":[{"start":{"line":148,"column":2},"end":{"line":150,"column":3}},{"start":{},"end":{}}]},"34":{"loc":{"start":{"line":149,"column":20},"end":{"line":149,"column":67}},"type":"binary-expr","locations":[{"start":{"line":149,"column":20},"end":{"line":149,"column":42}},{"start":{"line":149,"column":46},"end":{"line":149,"column":67}}]},"35":{"loc":{"start":{"line":153,"column":2},"end":{"line":155,"column":3}},"type":"if","locations":[{"start":{"line":153,"column":2},"end":{"line":155,"column":3}},{"start":{},"end":{}}]},"36":{"loc":{"start":{"line":154,"column":24},"end":{"line":154,"column":73}},"type":"binary-expr","locations":[{"start":{"line":154,"column":24},"end":{"line":154,"column":49}},{"start":{"line":154,"column":53},"end":{"line":154,"column":73}}]},"37":{"loc":{"start":{"line":158,"column":2},"end":{"line":160,"column":3}},"type":"if","locations":[{"start":{"line":158,"column":2},"end":{"line":160,"column":3}},{"start":{},"end":{}}]},"38":{"loc":{"start":{"line":159,"column":22},"end":{"line":159,"column":68}},"type":"binary-expr","locations":[{"start":{"line":159,"column":22},"end":{"line":159,"column":46}},{"start":{"line":159,"column":50},"end":{"line":159,"column":68}}]}},"s":{"0":1,"1":1,"2":1,"3":1,"4":1,"5":1,"6":14,"7":4,"8":10,"9":1,"10":9,"11":0,"12":9,"13":1,"14":8,"15":7,"16":2,"17":5,"18":1,"19":4,"20":1,"21":3,"22":1,"23":2,"24":13,"25":2,"26":11,"27":7,"28":3,"29":8,"30":6,"31":2,"32":6,"33":4,"34":2,"35":4,"36":2,"37":0,"38":4,"39":2,"40":0,"41":4,"42":11,"43":2,"44":9,"45":4,"46":5,"47":9,"48":3,"49":6,"50":1,"51":5,"52":1,"53":4,"54":4,"55":4,"56":4,"57":2,"58":4,"59":4,"60":1,"61":4,"62":4,"63":1,"64":4,"65":4,"66":0,"67":4},"f":{"0":14,"1":7,"2":13,"3":11,"4":9,"5":4},"b":{"0":[4,10],"1":[1,9],"2":[0,9],"3":[1,8],"4":[2,5],"5":[1,4],"6":[1,3],"7":[1,2],"8":[3,2],"9":[2,11],"10":[7,4],"11":[3,4],"12":[7,7,6],"13":[6,2],"14":[2,4],"15":[6,6,5],"16":[4,2],"17":[2,2],"18":[4,4,3],"19":[2,2],"20":[0,2],"21":[2,2,2],"22":[2,2],"23":[0,2],"24":[2,2,2],"25":[2,9],"26":[4,5],"27":[9,9,6],"28":[3,6],"29":[1,5],"30":[1,4],"31":[2,2],"32":[2,0],"33":[1,3],"34":[1,0],"35":[1,3],"36":[1,0],"37":[0,4],"38":[0,0]}}
}
