TN:
SF:lib\formatting.ts
FN:8,formatYield
FN:18,formatTemperature
FN:28,formatMoisture
FN:38,formatNPK
FN:48,calculateAverageYield
FN:58,calculateConfidenceScore
FN:75,parseJSONResponse
FN:98,sanitizeText
FN:113,formatDate
FN:135,calculateDaysToHarvest
FN:163,(anonymous_10)
FN:174,getConfidenceLevel
FN:183,extractErrorMessage
FNF:13
FNH:13
FNDA:5,formatYield
FNDA:5,formatTemperature
FNDA:4,formatMoisture
FNDA:4,formatNPK
FNDA:11,calculateAverageYield
FNDA:28,calculateConfidenceScore
FNDA:24,parseJSONResponse
FNDA:5,sanitizeText
FNDA:4,formatDate
FNDA:5,calculateDaysToHarvest
FNDA:4,(anonymous_10)
FNDA:19,getConfidenceLevel
FNDA:6,extractErrorMessage
DA:8,3
DA:9,5
DA:10,2
DA:12,3
DA:18,3
DA:19,5
DA:20,2
DA:22,3
DA:28,3
DA:29,4
DA:30,1
DA:32,3
DA:38,3
DA:39,4
DA:40,2
DA:42,2
DA:48,3
DA:49,11
DA:50,2
DA:52,9
DA:58,3
DA:64,28
DA:65,28
DA:66,28
DA:67,28
DA:68,28
DA:69,28
DA:75,3
DA:76,24
DA:77,1
DA:80,23
DA:83,23
DA:84,2
DA:87,23
DA:88,23
DA:89,22
DA:91,1
DA:98,3
DA:99,5
DA:100,1
DA:102,4
DA:113,3
DA:114,4
DA:115,1
DA:117,3
DA:118,3
DA:119,3
DA:120,1
DA:122,2
DA:128,0
DA:135,3
DA:139,5
DA:140,1
DA:143,4
DA:144,4
DA:145,4
DA:146,1
DA:148,3
DA:149,3
DA:152,3
DA:162,3
DA:163,4
DA:165,3
DA:167,0
DA:174,3
DA:175,19
DA:176,13
DA:177,6
DA:183,3
DA:184,6
DA:185,5
DA:186,3
DA:187,2
LF:73
LH:71
BRDA:9,0,0,2
BRDA:9,0,1,3
BRDA:9,1,0,5
BRDA:9,1,1,5
BRDA:19,2,0,2
BRDA:19,2,1,3
BRDA:19,3,0,5
BRDA:19,3,1,5
BRDA:29,4,0,1
BRDA:29,4,1,3
BRDA:29,5,0,4
BRDA:29,5,1,4
BRDA:39,6,0,2
BRDA:39,6,1,2
BRDA:39,7,0,4
BRDA:39,7,1,4
BRDA:49,8,0,2
BRDA:49,8,1,9
BRDA:49,9,0,11
BRDA:49,9,1,10
BRDA:65,10,0,11
BRDA:65,10,1,17
BRDA:66,11,0,11
BRDA:66,11,1,17
BRDA:67,12,0,8
BRDA:67,12,1,20
BRDA:68,13,0,7
BRDA:68,13,1,21
BRDA:76,14,0,1
BRDA:76,14,1,23
BRDA:83,15,0,2
BRDA:83,15,1,21
BRDA:91,16,0,1
BRDA:91,16,1,0
BRDA:99,17,0,1
BRDA:99,17,1,4
BRDA:114,18,0,1
BRDA:114,18,1,3
BRDA:119,19,0,1
BRDA:119,19,1,2
BRDA:139,20,0,1
BRDA:139,20,1,4
BRDA:145,21,0,1
BRDA:145,21,1,3
BRDA:162,22,0,3
BRDA:162,22,1,0
BRDA:163,23,0,3
BRDA:163,23,1,0
BRDA:163,24,0,0
BRDA:163,24,1,3
BRDA:163,25,0,3
BRDA:163,25,1,3
BRDA:175,26,0,6
BRDA:175,26,1,13
BRDA:176,27,0,7
BRDA:176,27,1,6
BRDA:184,28,0,1
BRDA:184,28,1,5
BRDA:185,29,0,2
BRDA:185,29,1,3
BRDA:185,30,0,1
BRDA:185,30,1,4
BRDA:185,31,0,5
BRDA:185,31,1,4
BRDA:186,32,0,1
BRDA:186,32,1,2
BRDA:186,33,0,1
BRDA:186,33,1,2
BRDA:186,34,0,3
BRDA:186,34,1,2
BRF:70
BRH:66
end_of_record
TN:
SF:lib\validation.ts
FN:28,validateCropName
FN:47,validateBase64Image
FN:66,validateSensorData
FN:107,validateFieldSize
FN:120,validateLocation
FN:136,validateYieldPredictionInput
FNF:6
FNH:6
FNDA:14,validateCropName
FNDA:7,validateBase64Image
FNDA:13,validateSensorData
FNDA:11,validateFieldSize
FNDA:9,validateLocation
FNDA:4,validateYieldPredictionInput
DA:28,1
DA:29,14
DA:30,4
DA:32,10
DA:33,1
DA:35,9
DA:36,0
DA:38,9
DA:39,1
DA:41,8
DA:47,1
DA:48,7
DA:49,2
DA:51,5
DA:52,1
DA:54,4
DA:55,1
DA:57,3
DA:58,1
DA:60,2
DA:66,1
DA:67,13
DA:68,2
DA:71,11
DA:72,7
DA:73,3
DA:77,8
DA:78,6
DA:79,2
DA:83,6
DA:84,4
DA:85,2
DA:89,4
DA:90,2
DA:91,0
DA:95,4
DA:96,2
DA:97,0
DA:101,4
DA:107,1
DA:108,11
DA:109,2
DA:111,9
DA:112,4
DA:114,5
DA:120,1
DA:121,9
DA:122,3
DA:124,6
DA:125,1
DA:127,5
DA:128,1
DA:130,4
DA:136,1
DA:140,4
DA:142,4
DA:143,4
DA:144,2
DA:147,4
DA:148,4
DA:149,1
DA:152,4
DA:153,4
DA:154,1
DA:157,4
DA:158,4
DA:159,0
DA:162,4
LF:68
LH:64
BRDA:29,0,0,4
BRDA:29,0,1,10
BRDA:32,1,0,1
BRDA:32,1,1,9
BRDA:35,2,0,0
BRDA:35,2,1,9
BRDA:38,3,0,1
BRDA:38,3,1,8
BRDA:48,4,0,2
BRDA:48,4,1,5
BRDA:51,5,0,1
BRDA:51,5,1,4
BRDA:54,6,0,1
BRDA:54,6,1,3
BRDA:57,7,0,1
BRDA:57,7,1,2
BRDA:57,8,0,3
BRDA:57,8,1,2
BRDA:67,9,0,2
BRDA:67,9,1,11
BRDA:71,10,0,7
BRDA:71,10,1,4
BRDA:72,11,0,3
BRDA:72,11,1,4
BRDA:72,12,0,7
BRDA:72,12,1,7
BRDA:72,12,2,6
BRDA:77,13,0,6
BRDA:77,13,1,2
BRDA:78,14,0,2
BRDA:78,14,1,4
BRDA:78,15,0,6
BRDA:78,15,1,6
BRDA:78,15,2,5
BRDA:83,16,0,4
BRDA:83,16,1,2
BRDA:84,17,0,2
BRDA:84,17,1,2
BRDA:84,18,0,4
BRDA:84,18,1,4
BRDA:84,18,2,3
BRDA:89,19,0,2
BRDA:89,19,1,2
BRDA:90,20,0,0
BRDA:90,20,1,2
BRDA:90,21,0,2
BRDA:90,21,1,2
BRDA:90,21,2,2
BRDA:95,22,0,2
BRDA:95,22,1,2
BRDA:96,23,0,0
BRDA:96,23,1,2
BRDA:96,24,0,2
BRDA:96,24,1,2
BRDA:96,24,2,2
BRDA:108,25,0,2
BRDA:108,25,1,9
BRDA:111,26,0,4
BRDA:111,26,1,5
BRDA:111,27,0,9
BRDA:111,27,1,9
BRDA:111,27,2,6
BRDA:121,28,0,3
BRDA:121,28,1,6
BRDA:124,29,0,1
BRDA:124,29,1,5
BRDA:127,30,0,1
BRDA:127,30,1,4
BRDA:143,31,0,2
BRDA:143,31,1,2
BRDA:144,32,0,2
BRDA:144,32,1,0
BRDA:148,33,0,1
BRDA:148,33,1,3
BRDA:149,34,0,1
BRDA:149,34,1,0
BRDA:153,35,0,1
BRDA:153,35,1,3
BRDA:154,36,0,1
BRDA:154,36,1,0
BRDA:158,37,0,0
BRDA:158,37,1,4
BRDA:159,38,0,0
BRDA:159,38,1,0
BRF:84
BRH:75
end_of_record
